{"D:\\www\\sangfor\\study\\ftp-upload\\src\\ftp\\index.js": {"path":"D:\\www\\sangfor\\study\\ftp-upload\\src\\ftp\\index.js","statementMap":{"0":{"start":{"line":8,"column":12},"end":{"line":8,"column":26}},"1":{"start":{"line":9,"column":13},"end":{"line":9,"column":49}},"2":{"start":{"line":10,"column":14},"end":{"line":10,"column":37}},"3":{"start":{"line":11,"column":15},"end":{"line":11,"column":46}},"4":{"start":{"line":12,"column":17},"end":{"line":12,"column":53}},"5":{"start":{"line":13,"column":24},"end":{"line":13,"column":44}},"6":{"start":{"line":14,"column":17},"end":{"line":14,"column":18}},"7":{"start":{"line":17,"column":28},"end":{"line":22,"column":1}},"8":{"start":{"line":25,"column":19},"end":{"line":25,"column":21}},"9":{"start":{"line":29,"column":4},"end":{"line":29,"column":38}},"10":{"start":{"line":30,"column":4},"end":{"line":30,"column":54}},"11":{"start":{"line":33,"column":4},"end":{"line":33,"column":30}},"12":{"start":{"line":35,"column":4},"end":{"line":37,"column":5}},"13":{"start":{"line":36,"column":8},"end":{"line":36,"column":72}},"14":{"start":{"line":39,"column":4},"end":{"line":53,"column":7}},"15":{"start":{"line":41,"column":8},"end":{"line":44,"column":11}},"16":{"start":{"line":42,"column":12},"end":{"line":42,"column":45}},"17":{"start":{"line":43,"column":12},"end":{"line":43,"column":29}},"18":{"start":{"line":46,"column":8},"end":{"line":50,"column":11}},"19":{"start":{"line":47,"column":12},"end":{"line":47,"column":32}},"20":{"start":{"line":48,"column":12},"end":{"line":48,"column":26}},"21":{"start":{"line":49,"column":12},"end":{"line":49,"column":19}},"22":{"start":{"line":52,"column":8},"end":{"line":52,"column":32}},"23":{"start":{"line":57,"column":4},"end":{"line":57,"column":17}},"24":{"start":{"line":58,"column":4},"end":{"line":58,"column":38}},"25":{"start":{"line":63,"column":4},"end":{"line":63,"column":37}},"26":{"start":{"line":64,"column":4},"end":{"line":64,"column":46}},"27":{"start":{"line":65,"column":4},"end":{"line":67,"column":5}},"28":{"start":{"line":66,"column":8},"end":{"line":66,"column":75}},"29":{"start":{"line":69,"column":4},"end":{"line":87,"column":7}},"30":{"start":{"line":70,"column":8},"end":{"line":86,"column":11}},"31":{"start":{"line":71,"column":12},"end":{"line":80,"column":13}},"32":{"start":{"line":72,"column":16},"end":{"line":72,"column":48}},"33":{"start":{"line":75,"column":16},"end":{"line":77,"column":17}},"34":{"start":{"line":76,"column":20},"end":{"line":76,"column":86}},"35":{"start":{"line":78,"column":16},"end":{"line":78,"column":28}},"36":{"start":{"line":79,"column":16},"end":{"line":79,"column":23}},"37":{"start":{"line":83,"column":12},"end":{"line":83,"column":31}},"38":{"start":{"line":84,"column":12},"end":{"line":84,"column":33}},"39":{"start":{"line":85,"column":12},"end":{"line":85,"column":26}},"40":{"start":{"line":92,"column":4},"end":{"line":92,"column":36}},"41":{"start":{"line":93,"column":4},"end":{"line":93,"column":22}},"42":{"start":{"line":94,"column":4},"end":{"line":96,"column":5}},"43":{"start":{"line":95,"column":8},"end":{"line":95,"column":65}},"44":{"start":{"line":98,"column":4},"end":{"line":100,"column":5}},"45":{"start":{"line":99,"column":8},"end":{"line":99,"column":77}},"46":{"start":{"line":102,"column":4},"end":{"line":138,"column":7}},"47":{"start":{"line":106,"column":8},"end":{"line":118,"column":9}},"48":{"start":{"line":107,"column":12},"end":{"line":107,"column":60}},"49":{"start":{"line":108,"column":12},"end":{"line":112,"column":13}},"50":{"start":{"line":109,"column":16},"end":{"line":109,"column":71}},"51":{"start":{"line":110,"column":16},"end":{"line":110,"column":65}},"52":{"start":{"line":111,"column":16},"end":{"line":111,"column":23}},"53":{"start":{"line":114,"column":12},"end":{"line":114,"column":59}},"54":{"start":{"line":115,"column":12},"end":{"line":115,"column":49}},"55":{"start":{"line":116,"column":12},"end":{"line":116,"column":48}},"56":{"start":{"line":117,"column":12},"end":{"line":117,"column":19}},"57":{"start":{"line":121,"column":8},"end":{"line":136,"column":11}},"58":{"start":{"line":122,"column":12},"end":{"line":133,"column":13}},"59":{"start":{"line":124,"column":16},"end":{"line":124,"column":66}},"60":{"start":{"line":126,"column":16},"end":{"line":126,"column":68}},"61":{"start":{"line":127,"column":16},"end":{"line":127,"column":34}},"62":{"start":{"line":128,"column":16},"end":{"line":128,"column":34}},"63":{"start":{"line":131,"column":16},"end":{"line":131,"column":53}},"64":{"start":{"line":132,"column":16},"end":{"line":132,"column":28}},"65":{"start":{"line":135,"column":12},"end":{"line":135,"column":24}},"66":{"start":{"line":145,"column":4},"end":{"line":145,"column":57}},"67":{"start":{"line":146,"column":4},"end":{"line":146,"column":57}},"68":{"start":{"line":148,"column":4},"end":{"line":162,"column":7}},"69":{"start":{"line":149,"column":29},"end":{"line":149,"column":67}},"70":{"start":{"line":152,"column":8},"end":{"line":159,"column":11}},"71":{"start":{"line":153,"column":12},"end":{"line":155,"column":13}},"72":{"start":{"line":154,"column":16},"end":{"line":154,"column":23}},"73":{"start":{"line":157,"column":12},"end":{"line":157,"column":52}},"74":{"start":{"line":160,"column":8},"end":{"line":160,"column":74}},"75":{"start":{"line":167,"column":4},"end":{"line":167,"column":63}},"76":{"start":{"line":168,"column":4},"end":{"line":168,"column":51}},"77":{"start":{"line":170,"column":16},"end":{"line":170,"column":24}},"78":{"start":{"line":172,"column":4},"end":{"line":183,"column":5}},"79":{"start":{"line":173,"column":18},"end":{"line":173,"column":70}},"80":{"start":{"line":174,"column":8},"end":{"line":177,"column":9}},"81":{"start":{"line":175,"column":12},"end":{"line":175,"column":65}},"82":{"start":{"line":176,"column":12},"end":{"line":176,"column":18}},"83":{"start":{"line":179,"column":8},"end":{"line":179,"column":16}},"84":{"start":{"line":180,"column":8},"end":{"line":180,"column":93}},"85":{"start":{"line":182,"column":8},"end":{"line":182,"column":71}},"86":{"start":{"line":187,"column":26},"end":{"line":187,"column":44}},"87":{"start":{"line":188,"column":4},"end":{"line":188,"column":88}},"88":{"start":{"line":189,"column":4},"end":{"line":189,"column":68}},"89":{"start":{"line":190,"column":4},"end":{"line":190,"column":27}},"90":{"start":{"line":194,"column":4},"end":{"line":194,"column":28}},"91":{"start":{"line":196,"column":4},"end":{"line":196,"column":87}},"92":{"start":{"line":197,"column":4},"end":{"line":197,"column":67}},"93":{"start":{"line":202,"column":4},"end":{"line":220,"column":7}},"94":{"start":{"line":203,"column":8},"end":{"line":203,"column":65}},"95":{"start":{"line":204,"column":8},"end":{"line":219,"column":11}},"96":{"start":{"line":205,"column":12},"end":{"line":218,"column":13}},"97":{"start":{"line":206,"column":16},"end":{"line":206,"column":89}},"98":{"start":{"line":207,"column":16},"end":{"line":211,"column":19}},"99":{"start":{"line":213,"column":16},"end":{"line":213,"column":79}},"100":{"start":{"line":214,"column":16},"end":{"line":217,"column":19}},"101":{"start":{"line":223,"column":0},"end":{"line":230,"column":2}}},"fnMap":{"0":{"name":"login","decl":{"start":{"line":28,"column":9},"end":{"line":28,"column":14}},"loc":{"start":{"line":28,"column":37},"end":{"line":54,"column":1}},"line":28},"1":{"name":"(anonymous_1)","decl":{"start":{"line":39,"column":23},"end":{"line":39,"column":24}},"loc":{"start":{"line":39,"column":44},"end":{"line":53,"column":5}},"line":39},"2":{"name":"(anonymous_2)","decl":{"start":{"line":41,"column":27},"end":{"line":41,"column":28}},"loc":{"start":{"line":41,"column":33},"end":{"line":44,"column":9}},"line":41},"3":{"name":"(anonymous_3)","decl":{"start":{"line":46,"column":27},"end":{"line":46,"column":28}},"loc":{"start":{"line":46,"column":38},"end":{"line":50,"column":9}},"line":46},"4":{"name":"close","decl":{"start":{"line":56,"column":9},"end":{"line":56,"column":14}},"loc":{"start":{"line":56,"column":23},"end":{"line":59,"column":1}},"line":56},"5":{"name":"list","decl":{"start":{"line":62,"column":9},"end":{"line":62,"column":13}},"loc":{"start":{"line":62,"column":32},"end":{"line":88,"column":1}},"line":62},"6":{"name":"(anonymous_6)","decl":{"start":{"line":69,"column":23},"end":{"line":69,"column":24}},"loc":{"start":{"line":69,"column":44},"end":{"line":87,"column":5}},"line":69},"7":{"name":"(anonymous_7)","decl":{"start":{"line":70,"column":32},"end":{"line":70,"column":33}},"loc":{"start":{"line":70,"column":52},"end":{"line":86,"column":9}},"line":70},"8":{"name":"upload","decl":{"start":{"line":91,"column":9},"end":{"line":91,"column":15}},"loc":{"start":{"line":91,"column":40},"end":{"line":139,"column":1}},"line":91},"9":{"name":"(anonymous_9)","decl":{"start":{"line":102,"column":23},"end":{"line":102,"column":24}},"loc":{"start":{"line":102,"column":49},"end":{"line":138,"column":5}},"line":102},"10":{"name":"(anonymous_10)","decl":{"start":{"line":121,"column":36},"end":{"line":121,"column":37}},"loc":{"start":{"line":121,"column":47},"end":{"line":134,"column":9}},"line":121},"11":{"name":"(anonymous_11)","decl":{"start":{"line":134,"column":17},"end":{"line":134,"column":18}},"loc":{"start":{"line":134,"column":26},"end":{"line":136,"column":9}},"line":134},"12":{"name":"_parallelUpload","decl":{"start":{"line":144,"column":9},"end":{"line":144,"column":24}},"loc":{"start":{"line":144,"column":53},"end":{"line":163,"column":1}},"line":144},"13":{"name":"(anonymous_13)","decl":{"start":{"line":149,"column":21},"end":{"line":149,"column":22}},"loc":{"start":{"line":149,"column":29},"end":{"line":149,"column":67}},"line":149},"14":{"name":"(anonymous_14)","decl":{"start":{"line":150,"column":11},"end":{"line":150,"column":12}},"loc":{"start":{"line":150,"column":22},"end":{"line":162,"column":5}},"line":150},"15":{"name":"(anonymous_15)","decl":{"start":{"line":152,"column":24},"end":{"line":152,"column":25}},"loc":{"start":{"line":152,"column":39},"end":{"line":159,"column":9}},"line":152},"16":{"name":"_reUpload","decl":{"start":{"line":165,"column":15},"end":{"line":165,"column":24}},"loc":{"start":{"line":165,"column":52},"end":{"line":184,"column":1}},"line":165},"17":{"name":"getFailFileList","decl":{"start":{"line":186,"column":9},"end":{"line":186,"column":24}},"loc":{"start":{"line":186,"column":27},"end":{"line":191,"column":1}},"line":186},"18":{"name":"_pushFailFileList","decl":{"start":{"line":193,"column":9},"end":{"line":193,"column":26}},"loc":{"start":{"line":193,"column":33},"end":{"line":198,"column":1}},"line":193},"19":{"name":"_uploadOneFile","decl":{"start":{"line":201,"column":9},"end":{"line":201,"column":23}},"loc":{"start":{"line":201,"column":48},"end":{"line":221,"column":1}},"line":201},"20":{"name":"(anonymous_20)","decl":{"start":{"line":202,"column":23},"end":{"line":202,"column":24}},"loc":{"start":{"line":202,"column":44},"end":{"line":220,"column":5}},"line":202},"21":{"name":"(anonymous_21)","decl":{"start":{"line":204,"column":42},"end":{"line":204,"column":43}},"loc":{"start":{"line":204,"column":56},"end":{"line":219,"column":9}},"line":204}},"branchMap":{"0":{"loc":{"start":{"line":28,"column":23},"end":{"line":28,"column":35}},"type":"default-arg","locations":[{"start":{"line":28,"column":33},"end":{"line":28,"column":35}}],"line":28},"1":{"loc":{"start":{"line":35,"column":4},"end":{"line":37,"column":5}},"type":"if","locations":[{"start":{"line":35,"column":4},"end":{"line":37,"column":5}},{"start":{"line":35,"column":4},"end":{"line":37,"column":5}}],"line":35},"2":{"loc":{"start":{"line":65,"column":4},"end":{"line":67,"column":5}},"type":"if","locations":[{"start":{"line":65,"column":4},"end":{"line":67,"column":5}},{"start":{"line":65,"column":4},"end":{"line":67,"column":5}}],"line":65},"3":{"loc":{"start":{"line":71,"column":12},"end":{"line":80,"column":13}},"type":"if","locations":[{"start":{"line":71,"column":12},"end":{"line":80,"column":13}},{"start":{"line":71,"column":12},"end":{"line":80,"column":13}}],"line":71},"4":{"loc":{"start":{"line":75,"column":16},"end":{"line":77,"column":17}},"type":"if","locations":[{"start":{"line":75,"column":16},"end":{"line":77,"column":17}},{"start":{"line":75,"column":16},"end":{"line":77,"column":17}}],"line":75},"5":{"loc":{"start":{"line":94,"column":4},"end":{"line":96,"column":5}},"type":"if","locations":[{"start":{"line":94,"column":4},"end":{"line":96,"column":5}},{"start":{"line":94,"column":4},"end":{"line":96,"column":5}}],"line":94},"6":{"loc":{"start":{"line":98,"column":4},"end":{"line":100,"column":5}},"type":"if","locations":[{"start":{"line":98,"column":4},"end":{"line":100,"column":5}},{"start":{"line":98,"column":4},"end":{"line":100,"column":5}}],"line":98},"7":{"loc":{"start":{"line":108,"column":12},"end":{"line":112,"column":13}},"type":"if","locations":[{"start":{"line":108,"column":12},"end":{"line":112,"column":13}},{"start":{"line":108,"column":12},"end":{"line":112,"column":13}}],"line":108},"8":{"loc":{"start":{"line":153,"column":12},"end":{"line":155,"column":13}},"type":"if","locations":[{"start":{"line":153,"column":12},"end":{"line":155,"column":13}},{"start":{"line":153,"column":12},"end":{"line":155,"column":13}}],"line":153},"9":{"loc":{"start":{"line":174,"column":8},"end":{"line":177,"column":9}},"type":"if","locations":[{"start":{"line":174,"column":8},"end":{"line":177,"column":9}},{"start":{"line":174,"column":8},"end":{"line":177,"column":9}}],"line":174},"10":{"loc":{"start":{"line":182,"column":8},"end":{"line":182,"column":70}},"type":"binary-expr","locations":[{"start":{"line":182,"column":8},"end":{"line":182,"column":19}},{"start":{"line":182,"column":23},"end":{"line":182,"column":35}},{"start":{"line":182,"column":39},"end":{"line":182,"column":70}}],"line":182},"11":{"loc":{"start":{"line":187,"column":26},"end":{"line":187,"column":44}},"type":"binary-expr","locations":[{"start":{"line":187,"column":26},"end":{"line":187,"column":38}},{"start":{"line":187,"column":42},"end":{"line":187,"column":44}}],"line":187},"12":{"loc":{"start":{"line":188,"column":59},"end":{"line":188,"column":86}},"type":"binary-expr","locations":[{"start":{"line":188,"column":59},"end":{"line":188,"column":81}},{"start":{"line":188,"column":85},"end":{"line":188,"column":86}}],"line":188},"13":{"loc":{"start":{"line":196,"column":61},"end":{"line":196,"column":85}},"type":"binary-expr","locations":[{"start":{"line":196,"column":61},"end":{"line":196,"column":80}},{"start":{"line":196,"column":84},"end":{"line":196,"column":85}}],"line":196},"14":{"loc":{"start":{"line":205,"column":12},"end":{"line":218,"column":13}},"type":"if","locations":[{"start":{"line":205,"column":12},"end":{"line":218,"column":13}},{"start":{"line":205,"column":12},"end":{"line":218,"column":13}}],"line":205}},"s":{"0":1,"1":1,"2":1,"3":1,"4":1,"5":1,"6":1,"7":1,"8":1,"9":2,"10":2,"11":2,"12":2,"13":1,"14":1,"15":1,"16":1,"17":1,"18":1,"19":1,"20":1,"21":1,"22":1,"23":1,"24":1,"25":5,"26":5,"27":5,"28":1,"29":4,"30":4,"31":4,"32":2,"33":2,"34":2,"35":2,"36":2,"37":2,"38":2,"39":2,"40":5,"41":5,"42":5,"43":1,"44":4,"45":1,"46":3,"47":3,"48":3,"49":3,"50":1,"51":1,"52":1,"53":0,"54":0,"55":0,"56":0,"57":2,"58":1,"59":1,"60":1,"61":1,"62":1,"63":0,"64":0,"65":1,"66":1,"67":1,"68":1,"69":3,"70":1,"71":3,"72":0,"73":3,"74":1,"75":3,"76":3,"77":3,"78":3,"79":9,"80":9,"81":0,"82":0,"83":9,"84":9,"85":9,"86":2,"87":2,"88":2,"89":2,"90":3,"91":3,"92":3,"93":12,"94":12,"95":12,"96":12,"97":12,"98":12,"99":0,"100":0,"101":1},"f":{"0":2,"1":1,"2":1,"3":1,"4":1,"5":5,"6":4,"7":4,"8":5,"9":3,"10":1,"11":1,"12":1,"13":3,"14":1,"15":3,"16":3,"17":2,"18":3,"19":12,"20":12,"21":12},"b":{"0":[0],"1":[1,1],"2":[1,4],"3":[2,2],"4":[2,0],"5":[1,4],"6":[1,3],"7":[1,2],"8":[0,3],"9":[0,9],"10":[9,3,3],"11":[2,0],"12":[2,2],"13":[3,0],"14":[12,0]},"_coverageSchema":"1a1c01bbd47fc00a2c39e90264f33305004495a9","hash":"72aa1df6d0307ac3c664ed7b3238351a36fe5487"}
,"D:\\www\\sangfor\\study\\ftp-upload\\src\\util\\file_opr\\index.js": {"path":"D:\\www\\sangfor\\study\\ftp-upload\\src\\util\\file_opr\\index.js","statementMap":{"0":{"start":{"line":9,"column":11},"end":{"line":9,"column":24}},"1":{"start":{"line":10,"column":13},"end":{"line":10,"column":28}},"2":{"start":{"line":11,"column":15},"end":{"line":11,"column":41}},"3":{"start":{"line":15,"column":15},"end":{"line":15,"column":32}},"4":{"start":{"line":16,"column":4},"end":{"line":16,"column":60}},"5":{"start":{"line":17,"column":4},"end":{"line":17,"column":30}},"6":{"start":{"line":22,"column":4},"end":{"line":22,"column":44}},"7":{"start":{"line":23,"column":19},"end":{"line":23,"column":21}},"8":{"start":{"line":26,"column":20},"end":{"line":26,"column":39}},"9":{"start":{"line":27,"column":4},"end":{"line":27,"column":63}},"10":{"start":{"line":29,"column":4},"end":{"line":32,"column":5}},"11":{"start":{"line":30,"column":8},"end":{"line":30,"column":80}},"12":{"start":{"line":31,"column":8},"end":{"line":31,"column":18}},"13":{"start":{"line":34,"column":4},"end":{"line":47,"column":5}},"14":{"start":{"line":35,"column":19},"end":{"line":35,"column":40}},"15":{"start":{"line":38,"column":8},"end":{"line":46,"column":9}},"16":{"start":{"line":39,"column":24},"end":{"line":39,"column":44}},"17":{"start":{"line":41,"column":12},"end":{"line":43,"column":15}},"18":{"start":{"line":42,"column":16},"end":{"line":42,"column":36}},"19":{"start":{"line":45,"column":12},"end":{"line":45,"column":36}},"20":{"start":{"line":49,"column":4},"end":{"line":49,"column":61}},"21":{"start":{"line":50,"column":4},"end":{"line":50,"column":20}},"22":{"start":{"line":55,"column":0},"end":{"line":58,"column":2}}},"fnMap":{"0":{"name":"isDir","decl":{"start":{"line":14,"column":9},"end":{"line":14,"column":14}},"loc":{"start":{"line":14,"column":21},"end":{"line":18,"column":1}},"line":14},"1":{"name":"getFilePathFromPath","decl":{"start":{"line":21,"column":15},"end":{"line":21,"column":34}},"loc":{"start":{"line":21,"column":41},"end":{"line":51,"column":1}},"line":21},"2":{"name":"(anonymous_2)","decl":{"start":{"line":41,"column":26},"end":{"line":41,"column":27}},"loc":{"start":{"line":41,"column":34},"end":{"line":43,"column":13}},"line":41}},"branchMap":{"0":{"loc":{"start":{"line":29,"column":4},"end":{"line":32,"column":5}},"type":"if","locations":[{"start":{"line":29,"column":4},"end":{"line":32,"column":5}},{"start":{"line":29,"column":4},"end":{"line":32,"column":5}}],"line":29},"1":{"loc":{"start":{"line":38,"column":8},"end":{"line":46,"column":9}},"type":"if","locations":[{"start":{"line":38,"column":8},"end":{"line":46,"column":9}},{"start":{"line":38,"column":8},"end":{"line":46,"column":9}}],"line":38}},"s":{"0":1,"1":1,"2":1,"3":2,"4":2,"5":2,"6":3,"7":3,"8":3,"9":3,"10":3,"11":1,"12":1,"13":2,"14":2,"15":2,"16":2,"17":2,"18":6,"19":0,"20":2,"21":2,"22":1},"f":{"0":2,"1":3,"2":6},"b":{"0":[1,2],"1":[2,0]},"_coverageSchema":"1a1c01bbd47fc00a2c39e90264f33305004495a9","hash":"f720499db9860a4ca8dacf116dcf616d07c89046"}
,"D:\\www\\sangfor\\study\\ftp-upload\\src\\util\\log\\index.js": {"path":"D:\\www\\sangfor\\study\\ftp-upload\\src\\util\\log\\index.js","statementMap":{"0":{"start":{"line":1,"column":13},"end":{"line":1,"column":30}},"1":{"start":{"line":2,"column":13},"end":{"line":2,"column":37}},"2":{"start":{"line":3,"column":14},"end":{"line":3,"column":32}},"3":{"start":{"line":5,"column":14},"end":{"line":5,"column":26}},"4":{"start":{"line":7,"column":0},"end":{"line":7,"column":23}},"5":{"start":{"line":8,"column":0},"end":{"line":11,"column":3}},"6":{"start":{"line":14,"column":4},"end":{"line":14,"column":31}},"7":{"start":{"line":15,"column":4},"end":{"line":15,"column":32}},"8":{"start":{"line":16,"column":4},"end":{"line":16,"column":36}},"9":{"start":{"line":17,"column":4},"end":{"line":17,"column":43}},"10":{"start":{"line":18,"column":4},"end":{"line":18,"column":40}},"11":{"start":{"line":19,"column":4},"end":{"line":19,"column":61}},"12":{"start":{"line":23,"column":4},"end":{"line":23,"column":26}},"13":{"start":{"line":24,"column":4},"end":{"line":24,"column":47}},"14":{"start":{"line":28,"column":14},"end":{"line":28,"column":64}},"15":{"start":{"line":29,"column":4},"end":{"line":29,"column":21}},"16":{"start":{"line":30,"column":4},"end":{"line":30,"column":42}},"17":{"start":{"line":34,"column":4},"end":{"line":34,"column":22}},"18":{"start":{"line":35,"column":4},"end":{"line":35,"column":42}},"19":{"start":{"line":39,"column":4},"end":{"line":39,"column":29}},"20":{"start":{"line":41,"column":4},"end":{"line":43,"column":5}},"21":{"start":{"line":42,"column":8},"end":{"line":42,"column":41}},"22":{"start":{"line":47,"column":4},"end":{"line":50,"column":5}},"23":{"start":{"line":48,"column":8},"end":{"line":48,"column":25}},"24":{"start":{"line":49,"column":8},"end":{"line":49,"column":15}},"25":{"start":{"line":52,"column":4},"end":{"line":52,"column":35}},"26":{"start":{"line":54,"column":4},"end":{"line":56,"column":5}},"27":{"start":{"line":55,"column":8},"end":{"line":55,"column":43}},"28":{"start":{"line":59,"column":0},"end":{"line":65,"column":2}}},"fnMap":{"0":{"name":"test","decl":{"start":{"line":13,"column":9},"end":{"line":13,"column":13}},"loc":{"start":{"line":13,"column":16},"end":{"line":20,"column":1}},"line":13},"1":{"name":"error","decl":{"start":{"line":22,"column":9},"end":{"line":22,"column":14}},"loc":{"start":{"line":22,"column":30},"end":{"line":25,"column":1}},"line":22},"2":{"name":"info","decl":{"start":{"line":27,"column":9},"end":{"line":27,"column":13}},"loc":{"start":{"line":27,"column":35},"end":{"line":31,"column":1}},"line":27},"3":{"name":"debug","decl":{"start":{"line":33,"column":9},"end":{"line":33,"column":14}},"loc":{"start":{"line":33,"column":21},"end":{"line":36,"column":1}},"line":33},"4":{"name":"loginInfo","decl":{"start":{"line":38,"column":9},"end":{"line":38,"column":18}},"loc":{"start":{"line":38,"column":28},"end":{"line":44,"column":1}},"line":38},"5":{"name":"logList","decl":{"start":{"line":46,"column":9},"end":{"line":46,"column":16}},"loc":{"start":{"line":46,"column":23},"end":{"line":57,"column":1}},"line":46}},"branchMap":{"0":{"loc":{"start":{"line":22,"column":15},"end":{"line":22,"column":28}},"type":"default-arg","locations":[{"start":{"line":22,"column":26},"end":{"line":22,"column":28}}],"line":22},"1":{"loc":{"start":{"line":47,"column":4},"end":{"line":50,"column":5}},"type":"if","locations":[{"start":{"line":47,"column":4},"end":{"line":50,"column":5}},{"start":{"line":47,"column":4},"end":{"line":50,"column":5}}],"line":47},"2":{"loc":{"start":{"line":47,"column":8},"end":{"line":47,"column":29}},"type":"binary-expr","locations":[{"start":{"line":47,"column":8},"end":{"line":47,"column":13}},{"start":{"line":47,"column":17},"end":{"line":47,"column":29}}],"line":47}},"s":{"0":1,"1":1,"2":1,"3":1,"4":1,"5":1,"6":0,"7":0,"8":0,"9":0,"10":0,"11":0,"12":28,"13":28,"14":62,"15":62,"16":62,"17":26,"18":26,"19":2,"20":2,"21":8,"22":2,"23":0,"24":0,"25":2,"26":2,"27":2,"28":1},"f":{"0":0,"1":28,"2":62,"3":26,"4":2,"5":2},"b":{"0":[1],"1":[0,2],"2":[2,2]},"_coverageSchema":"1a1c01bbd47fc00a2c39e90264f33305004495a9","hash":"86254e23fd0ed848d65c3d927481ad25fa65df27"}
,"D:\\www\\sangfor\\study\\ftp-upload\\src\\util\\validate\\common.js": {"path":"D:\\www\\sangfor\\study\\ftp-upload\\src\\util\\validate\\common.js","statementMap":{"0":{"start":{"line":9,"column":14},"end":{"line":9,"column":94}},"1":{"start":{"line":10,"column":16},"end":{"line":10,"column":97}},"2":{"start":{"line":13,"column":4},"end":{"line":15,"column":5}},"3":{"start":{"line":14,"column":8},"end":{"line":14,"column":21}},"4":{"start":{"line":18,"column":4},"end":{"line":18,"column":19}},"5":{"start":{"line":23,"column":4},"end":{"line":23,"column":26}},"6":{"start":{"line":27,"column":4},"end":{"line":27,"column":30}},"7":{"start":{"line":30,"column":0},"end":{"line":34,"column":1}}},"fnMap":{"0":{"name":"validateEmpty","decl":{"start":{"line":12,"column":9},"end":{"line":12,"column":22}},"loc":{"start":{"line":12,"column":30},"end":{"line":19,"column":1}},"line":12},"1":{"name":"validateIp","decl":{"start":{"line":22,"column":9},"end":{"line":22,"column":19}},"loc":{"start":{"line":22,"column":24},"end":{"line":24,"column":1}},"line":22},"2":{"name":"validatePort","decl":{"start":{"line":26,"column":9},"end":{"line":26,"column":21}},"loc":{"start":{"line":26,"column":28},"end":{"line":28,"column":1}},"line":26}},"branchMap":{"0":{"loc":{"start":{"line":13,"column":4},"end":{"line":15,"column":5}},"type":"if","locations":[{"start":{"line":13,"column":4},"end":{"line":15,"column":5}},{"start":{"line":13,"column":4},"end":{"line":15,"column":5}}],"line":13},"1":{"loc":{"start":{"line":13,"column":8},"end":{"line":13,"column":45}},"type":"binary-expr","locations":[{"start":{"line":13,"column":8},"end":{"line":13,"column":28}},{"start":{"line":13,"column":32},"end":{"line":13,"column":45}}],"line":13}},"s":{"0":1,"1":1,"2":30,"3":0,"4":30,"5":2,"6":1,"7":1},"f":{"0":30,"1":2,"2":1},"b":{"0":[0,30],"1":[30,0]},"_coverageSchema":"1a1c01bbd47fc00a2c39e90264f33305004495a9","hash":"216abe7e92845e265de056a54b49ebf817fbc367"}
,"D:\\www\\sangfor\\study\\ftp-upload\\src\\util\\validate\\index.js": {"path":"D:\\www\\sangfor\\study\\ftp-upload\\src\\util\\validate\\index.js","statementMap":{"0":{"start":{"line":9,"column":15},"end":{"line":9,"column":41}},"1":{"start":{"line":10,"column":17},"end":{"line":10,"column":39}},"2":{"start":{"line":14,"column":4},"end":{"line":21,"column":7}},"3":{"start":{"line":15,"column":8},"end":{"line":15,"column":92}},"4":{"start":{"line":16,"column":8},"end":{"line":19,"column":9}},"5":{"start":{"line":17,"column":12},"end":{"line":17,"column":97}},"6":{"start":{"line":18,"column":12},"end":{"line":18,"column":25}},"7":{"start":{"line":23,"column":4},"end":{"line":27,"column":5}},"8":{"start":{"line":24,"column":8},"end":{"line":24,"column":74}},"9":{"start":{"line":25,"column":8},"end":{"line":25,"column":82}},"10":{"start":{"line":26,"column":8},"end":{"line":26,"column":21}},"11":{"start":{"line":29,"column":4},"end":{"line":33,"column":5}},"12":{"start":{"line":30,"column":8},"end":{"line":30,"column":74}},"13":{"start":{"line":31,"column":8},"end":{"line":31,"column":84}},"14":{"start":{"line":32,"column":8},"end":{"line":32,"column":21}},"15":{"start":{"line":35,"column":4},"end":{"line":35,"column":16}},"16":{"start":{"line":39,"column":0},"end":{"line":42,"column":1}}},"fnMap":{"0":{"name":"validateLoginOptions","decl":{"start":{"line":12,"column":9},"end":{"line":12,"column":29}},"loc":{"start":{"line":12,"column":39},"end":{"line":36,"column":1}},"line":12},"1":{"name":"(anonymous_1)","decl":{"start":{"line":14,"column":33},"end":{"line":14,"column":34}},"loc":{"start":{"line":14,"column":40},"end":{"line":21,"column":5}},"line":14}},"branchMap":{"0":{"loc":{"start":{"line":16,"column":8},"end":{"line":19,"column":9}},"type":"if","locations":[{"start":{"line":16,"column":8},"end":{"line":19,"column":9}},{"start":{"line":16,"column":8},"end":{"line":19,"column":9}}],"line":16},"1":{"loc":{"start":{"line":23,"column":4},"end":{"line":27,"column":5}},"type":"if","locations":[{"start":{"line":23,"column":4},"end":{"line":27,"column":5}},{"start":{"line":23,"column":4},"end":{"line":27,"column":5}}],"line":23},"2":{"loc":{"start":{"line":29,"column":4},"end":{"line":33,"column":5}},"type":"if","locations":[{"start":{"line":29,"column":4},"end":{"line":33,"column":5}},{"start":{"line":29,"column":4},"end":{"line":33,"column":5}}],"line":29}},"s":{"0":1,"1":1,"2":2,"3":8,"4":8,"5":3,"6":3,"7":2,"8":1,"9":1,"10":1,"11":1,"12":0,"13":0,"14":0,"15":1,"16":1},"f":{"0":2,"1":8},"b":{"0":[3,5],"1":[1,1],"2":[0,1]},"_coverageSchema":"1a1c01bbd47fc00a2c39e90264f33305004495a9","hash":"81c4d398c54e1dd6950d03044344ce471bff56b1"}
}
