TN:
SF:src\ftp\index.js
FN:28,login
FN:39,(anonymous_1)
FN:41,(anonymous_2)
FN:46,(anonymous_3)
FN:56,close
FN:62,list
FN:69,(anonymous_6)
FN:70,(anonymous_7)
FN:91,upload
FN:102,(anonymous_9)
FN:121,(anonymous_10)
FN:134,(anonymous_11)
FN:144,_parallelUpload
FN:149,(anonymous_13)
FN:150,(anonymous_14)
FN:152,(anonymous_15)
FN:165,_reUpload
FN:186,getFailFileList
FN:193,_pushFailFileList
FN:201,_uploadOneFile
FN:202,(anonymous_20)
FN:204,(anonymous_21)
FNF:22
FNH:22
FNDA:2,login
FNDA:1,(anonymous_1)
FNDA:1,(anonymous_2)
FNDA:1,(anonymous_3)
FNDA:1,close
FNDA:5,list
FNDA:4,(anonymous_6)
FNDA:4,(anonymous_7)
FNDA:5,upload
FNDA:3,(anonymous_9)
FNDA:1,(anonymous_10)
FNDA:1,(anonymous_11)
FNDA:1,_parallelUpload
FNDA:3,(anonymous_13)
FNDA:1,(anonymous_14)
FNDA:3,(anonymous_15)
FNDA:3,_reUpload
FNDA:2,getFailFileList
FNDA:3,_pushFailFileList
FNDA:12,_uploadOneFile
FNDA:12,(anonymous_20)
FNDA:12,(anonymous_21)
DA:8,1
DA:9,1
DA:10,1
DA:11,1
DA:12,1
DA:13,1
DA:14,1
DA:17,1
DA:25,1
DA:29,2
DA:30,2
DA:33,2
DA:35,2
DA:36,1
DA:39,1
DA:41,1
DA:42,1
DA:43,1
DA:46,1
DA:47,1
DA:48,1
DA:49,1
DA:52,1
DA:57,1
DA:58,1
DA:63,5
DA:64,5
DA:65,5
DA:66,1
DA:69,4
DA:70,4
DA:71,4
DA:72,2
DA:75,2
DA:76,2
DA:78,2
DA:79,2
DA:83,2
DA:84,2
DA:85,2
DA:92,5
DA:93,5
DA:94,5
DA:95,1
DA:98,4
DA:99,1
DA:102,3
DA:106,3
DA:107,3
DA:108,3
DA:109,1
DA:110,1
DA:111,1
DA:114,0
DA:115,0
DA:116,0
DA:117,0
DA:121,2
DA:122,1
DA:124,1
DA:126,1
DA:127,1
DA:128,1
DA:131,0
DA:132,0
DA:135,1
DA:145,1
DA:146,1
DA:148,1
DA:149,3
DA:152,1
DA:153,3
DA:154,0
DA:157,3
DA:160,1
DA:167,3
DA:168,3
DA:170,3
DA:172,3
DA:173,9
DA:174,9
DA:175,0
DA:176,0
DA:179,9
DA:180,9
DA:182,9
DA:187,2
DA:188,2
DA:189,2
DA:190,2
DA:194,3
DA:196,3
DA:197,3
DA:202,12
DA:203,12
DA:204,12
DA:205,12
DA:206,12
DA:207,12
DA:213,0
DA:214,0
DA:223,1
LF:102
LH:91
BRDA:28,0,0,0
BRDA:35,1,0,1
BRDA:35,1,1,1
BRDA:65,2,0,1
BRDA:65,2,1,4
BRDA:71,3,0,2
BRDA:71,3,1,2
BRDA:75,4,0,2
BRDA:75,4,1,0
BRDA:94,5,0,1
BRDA:94,5,1,4
BRDA:98,6,0,1
BRDA:98,6,1,3
BRDA:108,7,0,1
BRDA:108,7,1,2
BRDA:153,8,0,0
BRDA:153,8,1,3
BRDA:174,9,0,0
BRDA:174,9,1,9
BRDA:182,10,0,9
BRDA:182,10,1,3
BRDA:182,10,2,3
BRDA:187,11,0,2
BRDA:187,11,1,0
BRDA:188,12,0,2
BRDA:188,12,1,2
BRDA:196,13,0,3
BRDA:196,13,1,0
BRDA:205,14,0,12
BRDA:205,14,1,0
BRF:30
BRH:23
end_of_record
TN:
SF:src\util\file_opr\index.js
FN:14,isDir
FN:21,getFilePathFromPath
FN:41,(anonymous_2)
FNF:3
FNH:3
FNDA:2,isDir
FNDA:3,getFilePathFromPath
FNDA:6,(anonymous_2)
DA:9,1
DA:10,1
DA:11,1
DA:15,2
DA:16,2
DA:17,2
DA:22,3
DA:23,3
DA:26,3
DA:27,3
DA:29,3
DA:30,1
DA:31,1
DA:34,2
DA:35,2
DA:38,2
DA:39,2
DA:41,2
DA:42,6
DA:45,0
DA:49,2
DA:50,2
DA:55,1
LF:23
LH:22
BRDA:29,0,0,1
BRDA:29,0,1,2
BRDA:38,1,0,2
BRDA:38,1,1,0
BRF:4
BRH:3
end_of_record
TN:
SF:src\util\log\index.js
FN:13,test
FN:22,error
FN:27,info
FN:33,debug
FN:38,loginInfo
FN:46,logList
FNF:6
FNH:5
FNDA:0,test
FNDA:28,error
FNDA:62,info
FNDA:26,debug
FNDA:2,loginInfo
FNDA:2,logList
DA:1,1
DA:2,1
DA:3,1
DA:5,1
DA:7,1
DA:8,1
DA:14,0
DA:15,0
DA:16,0
DA:17,0
DA:18,0
DA:19,0
DA:23,28
DA:24,28
DA:28,62
DA:29,62
DA:30,62
DA:34,26
DA:35,26
DA:39,2
DA:41,2
DA:42,8
DA:47,2
DA:48,0
DA:49,0
DA:52,2
DA:54,2
DA:55,2
DA:59,1
LF:29
LH:21
BRDA:22,0,0,1
BRDA:47,1,0,0
BRDA:47,1,1,2
BRDA:47,2,0,2
BRDA:47,2,1,2
BRF:5
BRH:4
end_of_record
TN:
SF:src\util\validate\common.js
FN:12,validateEmpty
FN:22,validateIp
FN:26,validatePort
FNF:3
FNH:3
FNDA:30,validateEmpty
FNDA:2,validateIp
FNDA:1,validatePort
DA:9,1
DA:10,1
DA:13,30
DA:14,0
DA:18,30
DA:23,2
DA:27,1
DA:30,1
LF:8
LH:7
BRDA:13,0,0,0
BRDA:13,0,1,30
BRDA:13,1,0,30
BRDA:13,1,1,0
BRF:4
BRH:2
end_of_record
TN:
SF:src\util\validate\index.js
FN:12,validateLoginOptions
FN:14,(anonymous_1)
FNF:2
FNH:2
FNDA:2,validateLoginOptions
FNDA:8,(anonymous_1)
DA:9,1
DA:10,1
DA:14,2
DA:15,8
DA:16,8
DA:17,3
DA:18,3
DA:23,2
DA:24,1
DA:25,1
DA:26,1
DA:29,1
DA:30,0
DA:31,0
DA:32,0
DA:35,1
DA:39,1
LF:17
LH:14
BRDA:16,0,0,3
BRDA:16,0,1,5
BRDA:23,1,0,1
BRDA:23,1,1,1
BRDA:29,2,0,0
BRDA:29,2,1,1
BRF:6
BRH:5
end_of_record
